<?xml version="1.0" encoding="UTF-8"?>
<coverage generated="1788467901900" clover="3.2.0">
  <project timestamp="1788467901900" name="All files">
    <metrics statements="36" coveredstatements="36" conditionals="22" coveredconditionals="18" methods="18" coveredmethods="18" elements="76" coveredelements="72" complexity="0" loc="36" ncloc="36" packages="1" files="3" classes="3"/>
    <file name="TaskManager.css" path="/Users/gdl-i7189/Documents/Projects/test-wizard/src/TaskManager.css">
      <metrics statements="0" coveredstatements="0" conditionals="0" coveredconditionals="0" methods="0" coveredmethods="0"/>
    </file>
    <file name="TaskManager.jsx" path="/Users/gdl-i7189/Documents/Projects/test-wizard/src/TaskManager.jsx">
      <metrics statements="23" coveredstatements="23" conditionals="18" coveredconditionals="14" methods="15" coveredmethods="15"/>
      <line num="10" count="53" type="stmt"/>
      <line num="11" count="53" type="stmt"/>
      <line num="12" count="53" type="stmt"/>
      <line num="15" count="53" type="stmt"/>
      <line num="16" count="18" type="stmt"/>
      <line num="19" count="53" type="stmt"/>
      <line num="20" count="3" type="stmt"/>
      <line num="21" count="3" type="cond" truecount="1" falsecount="1"/>
      <line num="22" count="3" type="stmt"/>
      <line num="23" count="3" type="stmt"/>
      <line num="26" count="53" type="stmt"/>
      <line num="27" count="1" type="cond" truecount="1" falsecount="1"/>
      <line num="30" count="53" type="stmt"/>
      <line num="31" count="2" type="cond" truecount="1" falsecount="1"/>
      <line num="34" count="53" type="stmt"/>
      <line num="35" count="53" type="stmt"/>
      <line num="37" count="53" type="stmt"/>
      <line num="44" count="31" type="stmt"/>
      <line num="53" count="11" type="stmt"/>
      <line num="58" count="1" type="stmt"/>
      <line num="66" count="2" type="stmt"/>
      <line num="80" count="4" type="stmt"/>
      <line num="92" count="2" type="cond" truecount="1" falsecount="1"/>
    </file>
    <file name="taskStorage.js" path="/Users/gdl-i7189/Documents/Projects/test-wizard/src/taskStorage.js">
      <metrics statements="13" coveredstatements="13" conditionals="4" coveredconditionals="4" methods="3" coveredmethods="3"/>
      <line num="1" count="3" type="stmt"/>
      <line num="5" count="11" type="stmt"/>
      <line num="16" count="18" type="stmt"/>
      <line num="17" count="18" type="stmt"/>
      <line num="18" count="18" type="cond" truecount="2" falsecount="0"/>
      <line num="20" count="13" type="stmt"/>
      <line num="21" count="13" type="cond" truecount="2" falsecount="0"/>
      <line num="23" count="10" type="stmt"/>
      <line num="25" count="2" type="stmt"/>
      <line num="32" count="21" type="stmt"/>
      <line num="33" count="21" type="stmt"/>
      <line num="34" count="21" type="stmt"/>
      <line num="36" count="1" type="stmt"/>
    </file>
  </project>
</coverage>
