{"/Users/gdl-i7189/Documents/Projects/test-wizard/src/TaskManager.css": {"path":"/Users/gdl-i7189/Documents/Projects/test-wizard/src/TaskManager.css","statementMap":{},"fnMap":{},"branchMap":{},"s":{},"f":{},"b":{},"meta":{"lastBranch":0,"lastFunction":0,"lastStatement":0,"seen":{},"fnNames":{}}}
,"/Users/gdl-i7189/Documents/Projects/test-wizard/src/TaskManager.jsx": {"path":"/Users/gdl-i7189/Documents/Projects/test-wizard/src/TaskManager.jsx","statementMap":{"0":{"start":{"line":10,"column":28},"end":{"line":10,"column":null}},"1":{"start":{"line":11,"column":28},"end":{"line":11,"column":null}},"2":{"start":{"line":12,"column":42},"end":{"line":12,"column":null}},"3":{"start":{"line":15,"column":2},"end":{"line":17,"column":null}},"4":{"start":{"line":16,"column":4},"end":{"line":16,"column":null}},"5":{"start":{"line":19,"column":8},"end":{"line":24,"column":null}},"6":{"start":{"line":20,"column":4},"end":{"line":20,"column":null}},"7":{"start":{"line":21,"column":4},"end":{"line":21,"column":null}},"8":{"start":{"line":21,"column":23},"end":{"line":21,"column":null}},"9":{"start":{"line":22,"column":4},"end":{"line":22,"column":null}},"10":{"start":{"line":23,"column":4},"end":{"line":23,"column":null}},"11":{"start":{"line":26,"column":8},"end":{"line":28,"column":null}},"12":{"start":{"line":27,"column":4},"end":{"line":27,"column":null}},"13":{"start":{"line":27,"column":28},"end":{"line":27,"column":79}},"14":{"start":{"line":30,"column":8},"end":{"line":32,"column":null}},"15":{"start":{"line":31,"column":4},"end":{"line":31,"column":null}},"16":{"start":{"line":31,"column":28},"end":{"line":31,"column":70}},"17":{"start":{"line":34,"column":22},"end":{"line":34,"column":null}},"18":{"start":{"line":34,"column":40},"end":{"line":34,"column":51}},"19":{"start":{"line":35,"column":24},"end":{"line":35,"column":null}},"20":{"start":{"line":35,"column":42},"end":{"line":35,"column":52}},"21":{"start":{"line":37,"column":2},"end":{"line":102,"column":null}},"22":{"start":{"line":44,"column":27},"end":{"line":44,"column":null}},"23":{"start":{"line":53,"column":10},"end":{"line":73,"column":null}},"24":{"start":{"line":58,"column":32},"end":{"line":58,"column":null}},"25":{"start":{"line":66,"column":33},"end":{"line":66,"column":null}},"26":{"start":{"line":80,"column":23},"end":{"line":80,"column":null}},"27":{"start":{"line":92,"column":16},"end":{"line":94,"column":null}}},"fnMap":{"0":{"name":"TaskManager","decl":{"start":{"line":8,"column":9},"end":{"line":8,"column":23}},"loc":{"start":{"line":8,"column":23},"end":{"line":104,"column":null}},"line":8},"1":{"name":"(anonymous_1)","decl":{"start":{"line":15,"column":2},"end":{"line":15,"column":18}},"loc":{"start":{"line":15,"column":18},"end":{"line":17,"column":5}},"line":15},"2":{"name":"(anonymous_2)","decl":{"start":{"line":19,"column":8},"end":{"line":19,"column":19}},"loc":{"start":{"line":19,"column":25},"end":{"line":24,"column":null}},"line":19},"3":{"name":"(anonymous_3)","decl":{"start":{"line":26,"column":8},"end":{"line":26,"column":22}},"loc":{"start":{"line":26,"column":29},"end":{"line":28,"column":null}},"line":26},"4":{"name":"(anonymous_4)","decl":{"start":{"line":27,"column":19},"end":{"line":27,"column":23}},"loc":{"start":{"line":27,"column":28},"end":{"line":27,"column":79}},"line":27},"5":{"name":"(anonymous_5)","decl":{"start":{"line":30,"column":8},"end":{"line":30,"column":23}},"loc":{"start":{"line":30,"column":30},"end":{"line":32,"column":null}},"line":30},"6":{"name":"(anonymous_6)","decl":{"start":{"line":31,"column":19},"end":{"line":31,"column":23}},"loc":{"start":{"line":31,"column":28},"end":{"line":31,"column":70}},"line":31},"7":{"name":"(anonymous_7)","decl":{"start":{"line":34,"column":28},"end":{"line":34,"column":35}},"loc":{"start":{"line":34,"column":40},"end":{"line":34,"column":51}},"line":34},"8":{"name":"(anonymous_8)","decl":{"start":{"line":35,"column":30},"end":{"line":35,"column":37}},"loc":{"start":{"line":35,"column":42},"end":{"line":35,"column":52}},"line":35},"9":{"name":"(anonymous_9)","decl":{"start":{"line":44,"column":10},"end":{"line":44,"column":21}},"loc":{"start":{"line":44,"column":27},"end":{"line":44,"column":null}},"line":44},"10":{"name":"(anonymous_10)","decl":{"start":{"line":52,"column":21},"end":{"line":52,"column":25}},"loc":{"start":{"line":53,"column":10},"end":{"line":73,"column":null}},"line":53},"11":{"name":"(anonymous_11)","decl":{"start":{"line":58,"column":16},"end":{"line":58,"column":32}},"loc":{"start":{"line":58,"column":32},"end":{"line":58,"column":null}},"line":58},"12":{"name":"(anonymous_12)","decl":{"start":{"line":66,"column":18},"end":{"line":66,"column":33}},"loc":{"start":{"line":66,"column":33},"end":{"line":66,"column":null}},"line":66},"13":{"name":"(anonymous_13)","decl":{"start":{"line":80,"column":8},"end":{"line":80,"column":23}},"loc":{"start":{"line":80,"column":23},"end":{"line":80,"column":null}},"line":80},"14":{"name":"(anonymous_14)","decl":{"start":{"line":91,"column":29},"end":{"line":91,"column":33}},"loc":{"start":{"line":92,"column":16},"end":{"line":94,"column":null}},"line":92}},"branchMap":{"0":{"loc":{"start":{"line":21,"column":4},"end":{"line":21,"column":null}},"type":"if","locations":[{"start":{"line":21,"column":4},"end":{"line":21,"column":null}},{"start":{},"end":{}}],"line":21},"1":{"loc":{"start":{"line":27,"column":28},"end":{"line":27,"column":79}},"type":"cond-expr","locations":[{"start":{"line":27,"column":42},"end":{"line":27,"column":78}},{"start":{"line":27,"column":78},"end":{"line":27,"column":79}}],"line":27},"2":{"loc":{"start":{"line":31,"column":28},"end":{"line":31,"column":70}},"type":"cond-expr","locations":[{"start":{"line":31,"column":42},"end":{"line":31,"column":69}},{"start":{"line":31,"column":69},"end":{"line":31,"column":70}}],"line":31},"3":{"loc":{"start":{"line":54,"column":30},"end":{"line":54,"column":null}},"type":"cond-expr","locations":[{"start":{"line":54,"column":47},"end":{"line":54,"column":61}},{"start":{"line":54,"column":61},"end":{"line":54,"column":null}}],"line":54},"4":{"loc":{"start":{"line":62,"column":15},"end":{"line":70,"column":null}},"type":"binary-expr","locations":[{"start":{"line":62,"column":15},"end":{"line":62,"column":null}},{"start":{"line":63,"column":16},"end":{"line":70,"column":null}}],"line":62},"5":{"loc":{"start":{"line":83,"column":9},"end":{"line":83,"column":null}},"type":"cond-expr","locations":[{"start":{"line":83,"column":24},"end":{"line":83,"column":42}},{"start":{"line":83,"column":42},"end":{"line":83,"column":null}}],"line":83},"6":{"loc":{"start":{"line":86,"column":7},"end":{"line":100,"column":null}},"type":"binary-expr","locations":[{"start":{"line":86,"column":7},"end":{"line":86,"column":null}},{"start":{"line":87,"column":8},"end":{"line":100,"column":null}}],"line":86},"7":{"loc":{"start":{"line":89,"column":11},"end":{"line":100,"column":null}},"type":"cond-expr","locations":[{"start":{"line":90,"column":12},"end":{"line":98,"column":13}},{"start":{"line":98,"column":12},"end":{"line":100,"column":null}}],"line":89},"8":{"loc":{"start":{"line":92,"column":45},"end":{"line":92,"column":null}},"type":"cond-expr","locations":[{"start":{"line":92,"column":62},"end":{"line":92,"column":76}},{"start":{"line":92,"column":76},"end":{"line":92,"column":null}}],"line":92}},"s":{"0":53,"1":53,"2":53,"3":53,"4":18,"5":53,"6":3,"7":3,"8":0,"9":3,"10":3,"11":53,"12":1,"13":1,"14":53,"15":2,"16":2,"17":53,"18":18,"19":53,"20":18,"21":53,"22":31,"23":11,"24":1,"25":2,"26":4,"27":2},"f":{"0":53,"1":18,"2":3,"3":1,"4":1,"5":2,"6":2,"7":18,"8":18,"9":31,"10":11,"11":1,"12":2,"13":4,"14":2},"b":{"0":[0,3],"1":[1,0],"2":[2,0],"3":[4,7],"4":[11,4],"5":[3,50],"6":[53,3],"7":[2,1],"8":[2,0]},"meta":{"lastBranch":9,"lastFunction":15,"lastStatement":28,"seen":{"f:8:9:8:23":0,"s:10:28:10:Infinity":0,"s:11:28:11:Infinity":1,"s:12:42:12:Infinity":2,"s:15:2:17:Infinity":3,"f:15:2:15:18":1,"s:16:4:16:Infinity":4,"s:19:8:24:Infinity":5,"f:19:8:19:19":2,"s:20:4:20:Infinity":6,"b:21:4:21:Infinity:undefined:undefined:undefined:undefined":0,"s:21:4:21:Infinity":7,"s:21:23:21:Infinity":8,"s:22:4:22:Infinity":9,"s:23:4:23:Infinity":10,"s:26:8:28:Infinity":11,"f:26:8:26:22":3,"s:27:4:27:Infinity":12,"f:27:19:27:23":4,"s:27:28:27:79":13,"b:27:42:27:78:27:78:27:79":1,"s:30:8:32:Infinity":14,"f:30:8:30:23":5,"s:31:4:31:Infinity":15,"f:31:19:31:23":6,"s:31:28:31:70":16,"b:31:42:31:69:31:69:31:70":2,"s:34:22:34:Infinity":17,"f:34:28:34:35":7,"s:34:40:34:51":18,"s:35:24:35:Infinity":19,"f:35:30:35:37":8,"s:35:42:35:52":20,"s:37:2:102:Infinity":21,"f:44:10:44:21":9,"s:44:27:44:Infinity":22,"f:52:21:52:25":10,"s:53:10:73:Infinity":23,"b:54:47:54:61:54:61:54:Infinity":3,"f:58:16:58:32":11,"s:58:32:58:Infinity":24,"b:62:15:62:Infinity:63:16:70:Infinity":4,"f:66:18:66:33":12,"s:66:33:66:Infinity":25,"f:80:8:80:23":13,"s:80:23:80:Infinity":26,"b:83:24:83:42:83:42:83:Infinity":5,"b:86:7:86:Infinity:87:8:100:Infinity":6,"b:90:12:98:13:98:12:100:Infinity":7,"f:91:29:91:33":14,"s:92:16:94:Infinity":27,"b:92:62:92:76:92:76:92:Infinity":8},"fnNames":{}}}
,"/Users/gdl-i7189/Documents/Projects/test-wizard/src/taskStorage.js": {"path":"/Users/gdl-i7189/Documents/Projects/test-wizard/src/taskStorage.js","statementMap":{"0":{"start":{"line":1,"column":33},"end":{"line":1,"column":null}},"1":{"start":{"line":5,"column":2},"end":{"line":10,"column":null}},"2":{"start":{"line":16,"column":2},"end":{"line":26,"column":null}},"3":{"start":{"line":17,"column":16},"end":{"line":17,"column":null}},"4":{"start":{"line":18,"column":4},"end":{"line":18,"column":null}},"5":{"start":{"line":18,"column":14},"end":{"line":18,"column":null}},"6":{"start":{"line":20,"column":19},"end":{"line":20,"column":null}},"7":{"start":{"line":21,"column":4},"end":{"line":21,"column":null}},"8":{"start":{"line":21,"column":32},"end":{"line":21,"column":null}},"9":{"start":{"line":23,"column":4},"end":{"line":23,"column":null}},"10":{"start":{"line":25,"column":4},"end":{"line":25,"column":null}},"11":{"start":{"line":32,"column":2},"end":{"line":37,"column":null}},"12":{"start":{"line":33,"column":4},"end":{"line":33,"column":null}},"13":{"start":{"line":34,"column":4},"end":{"line":34,"column":null}},"14":{"start":{"line":36,"column":4},"end":{"line":36,"column":null}}},"fnMap":{"0":{"name":"normalizeTask","decl":{"start":{"line":4,"column":9},"end":{"line":4,"column":23}},"loc":{"start":{"line":4,"column":29},"end":{"line":11,"column":null}},"line":4},"1":{"name":"loadTasksFromStorage","decl":{"start":{"line":15,"column":16},"end":{"line":15,"column":39}},"loc":{"start":{"line":15,"column":39},"end":{"line":27,"column":null}},"line":15},"2":{"name":"saveTasksToStorage","decl":{"start":{"line":31,"column":16},"end":{"line":31,"column":35}},"loc":{"start":{"line":31,"column":42},"end":{"line":38,"column":null}},"line":31}},"branchMap":{"0":{"loc":{"start":{"line":18,"column":4},"end":{"line":18,"column":null}},"type":"if","locations":[{"start":{"line":18,"column":4},"end":{"line":18,"column":null}},{"start":{},"end":{}}],"line":18},"1":{"loc":{"start":{"line":21,"column":4},"end":{"line":21,"column":null}},"type":"if","locations":[{"start":{"line":21,"column":4},"end":{"line":21,"column":null}},{"start":{},"end":{}}],"line":21}},"s":{"0":3,"1":11,"2":18,"3":18,"4":18,"5":5,"6":13,"7":13,"8":1,"9":10,"10":2,"11":21,"12":21,"13":21,"14":1},"f":{"0":11,"1":18,"2":21},"b":{"0":[5,13],"1":[1,12]},"meta":{"lastBranch":2,"lastFunction":3,"lastStatement":15,"seen":{"s:1:33:1:Infinity":0,"f:4:9:4:23":0,"s:5:2:10:Infinity":1,"f:15:16:15:39":1,"s:16:2:26:Infinity":2,"s:17:16:17:Infinity":3,"b:18:4:18:Infinity:undefined:undefined:undefined:undefined":0,"s:18:4:18:Infinity":4,"s:18:14:18:Infinity":5,"s:20:19:20:Infinity":6,"b:21:4:21:Infinity:undefined:undefined:undefined:undefined":1,"s:21:4:21:Infinity":7,"s:21:32:21:Infinity":8,"s:23:4:23:Infinity":9,"s:25:4:25:Infinity":10,"f:31:16:31:35":2,"s:32:2:37:Infinity":11,"s:33:4:33:Infinity":12,"s:34:4:34:Infinity":13,"s:36:4:36:Infinity":14},"fnNames":{}}}
}
